100.00
100.00
50.00
60.00
100.00
100.00
50.00
60.00
100.00
100.00
100.00
50.00
80.00
100.00
100.00
50.00
80.00
100.00
100.00
100.00
50.00
66.67
100.00
100.00
50.00
66.67
100.00
100.00
100.00
56.52
68.25
100.00
100.00
56.52
68.25
100.00
100.00
100.00
50.00
75.00
100.00
100.00
50.00
75.00
100.00
100.00
100.00
54.44
79.08
100.00
100.00
54.44
79.08
100.00
100.00
100.00
53.33
75.00
100.00
100.00
53.33
75.00
100.00
100.00
100.00
50.00
76.92
100.00
100.00
50.00
76.92
100.00
100.00
100.00
50.00
61.04
100.00
100.00
50.00
61.04
100.00
100.00
100.00
50.00
70.37
100.00
100.00
50.00
70.37
100.00
100.00
100.00
50.00
61.54
100.00
100.00
50.00
61.54
100.00
100.00
100.00
50.00
96.72
100.00
100.00
50.00
96.72
100.00
