Function 'test_basic'
Lines executed:100.00% of 16
Branches executed:100.00% of 14
Taken at least once:50.00% of 14
Calls executed:60.00% of 15

File 'tst/basic.c'
Lines executed:100.00% of 16
Branches executed:100.00% of 14
Taken at least once:50.00% of 14
Calls executed:60.00% of 15
Creating 'basic.c.gcov'

Lines executed:100.00% of 16

Function 'test_stream'
Lines executed:0.00% of 15
Branches executed:0.00% of 12
Taken at least once:0.00% of 12
Calls executed:0.00% of 17

File 'tst/stream.c'
Lines executed:0.00% of 15
Branches executed:0.00% of 12
Taken at least once:0.00% of 12
Calls executed:0.00% of 17
Creating 'stream.c.gcov'

Lines executed:0.00% of 15

Function 'test_string'
Lines executed:100.00% of 123
Branches executed:100.00% of 68
Taken at least once:50.00% of 68
Calls executed:80.90% of 178

File 'tst/string.c'
Lines executed:100.00% of 123
Branches executed:100.00% of 68
Taken at least once:50.00% of 68
Calls executed:80.90% of 178
Creating 'string.c.gcov'

Lines executed:100.00% of 123

Function 'test_data'
Lines executed:100.00% of 24
Branches executed:100.00% of 18
Taken at least once:50.00% of 18
Calls executed:71.43% of 28

File 'tst/data.c'
Lines executed:100.00% of 24
Branches executed:100.00% of 18
Taken at least once:50.00% of 18
Calls executed:71.43% of 28
Creating 'data.c.gcov'

Lines executed:100.00% of 24

Function 'test_chunk'
Lines executed:100.00% of 52
Branches executed:100.00% of 46
Taken at least once:56.52% of 46
Calls executed:68.25% of 63

File 'tst/chunk.c'
Lines executed:100.00% of 52
Branches executed:100.00% of 46
Taken at least once:56.52% of 46
Calls executed:68.25% of 63
Creating 'chunk.c.gcov'

Lines executed:100.00% of 52

Function 'test_bare_list'
Lines executed:100.00% of 26
Branches executed:100.00% of 16
Taken at least once:50.00% of 16
Calls executed:75.00% of 32

File 'tst/bare_list.c'
Lines executed:100.00% of 26
Branches executed:100.00% of 16
Taken at least once:50.00% of 16
Calls executed:75.00% of 32
Creating 'bare_list.c.gcov'

Lines executed:100.00% of 26

Function 'test_list'
Lines executed:100.00% of 172
Branches executed:100.00% of 90
Taken at least once:54.44% of 90
Calls executed:79.08% of 196

File 'tst/list.c'
Lines executed:100.00% of 172
Branches executed:100.00% of 90
Taken at least once:54.44% of 90
Calls executed:79.08% of 196
Creating 'list.c.gcov'

Lines executed:100.00% of 172

Function 'test_iterator'
Lines executed:100.00% of 46
Branches executed:100.00% of 30
Taken at least once:53.33% of 30
Calls executed:75.00% of 56

File 'tst/iterator.c'
Lines executed:100.00% of 46
Branches executed:100.00% of 30
Taken at least once:53.33% of 30
Calls executed:75.00% of 56
Creating 'iterator.c.gcov'

Lines executed:100.00% of 46

Function 'test_node'
Lines executed:100.00% of 21
Branches executed:100.00% of 12
Taken at least once:50.00% of 12
Calls executed:76.92% of 26

File 'tst/node.c'
Lines executed:100.00% of 21
Branches executed:100.00% of 12
Taken at least once:50.00% of 12
Calls executed:76.92% of 26
Creating 'node.c.gcov'

Lines executed:100.00% of 21

Function 'test_linked_list'
Lines executed:100.00% of 56
Branches executed:100.00% of 60
Taken at least once:50.00% of 60
Calls executed:61.04% of 77

File 'tst/linked_list.c'
Lines executed:100.00% of 56
Branches executed:100.00% of 60
Taken at least once:50.00% of 60
Calls executed:61.04% of 77
Creating 'linked_list.c.gcov'

Lines executed:100.00% of 56

Function 'test_stack'
Lines executed:100.00% of 67
Branches executed:100.00% of 50
Taken at least once:50.00% of 50
Calls executed:70.37% of 81

File 'tst/stack.c'
Lines executed:100.00% of 67
Branches executed:100.00% of 50
Taken at least once:50.00% of 50
Calls executed:70.37% of 81
Creating 'stack.c.gcov'

Lines executed:100.00% of 67

Function 'test_queue'
Lines executed:100.00% of 73
Branches executed:100.00% of 82
Taken at least once:50.00% of 82
Calls executed:61.54% of 104

File 'tst/queue.c'
Lines executed:100.00% of 73
Branches executed:100.00% of 82
Taken at least once:50.00% of 82
Calls executed:61.54% of 104
Creating 'queue.c.gcov'

Lines executed:100.00% of 73

Function 'test_tree'
Lines executed:100.00% of 78
Branches executed:100.00% of 8
Taken at least once:50.00% of 8
Calls executed:96.72% of 61

File 'tst/tree.c'
Lines executed:100.00% of 78
Branches executed:100.00% of 8
Taken at least once:50.00% of 8
Calls executed:96.72% of 61
Creating 'tree.c.gcov'

Lines executed:100.00% of 78

